2021-10-20 15:38:26.002 - INFO - 4413 - azureml.train.automl._experiment_drivers.driver_utilities.modify_run_configuration:199 - Package azureml-train-automl missing from dependencies file.
2021-10-20 15:38:26.003 - INFO - 4413 - azureml.train.automl._experiment_drivers.driver_utilities.modify_run_configuration:205 - Using pinned version: azureml-train-automl==1.34.0.*
2021-10-20 15:38:26.003 - INFO - 4413 - azureml.train.automl._experiment_drivers.driver_utilities.modify_run_configuration:199 - Package pandas missing from dependencies file.
2021-10-20 15:38:26.004 - INFO - 4413 - azureml.train.automl._experiment_drivers.driver_utilities.modify_run_configuration:205 - Using pinned version: pandas==0.25.1
2021-10-20 15:38:26.004 - INFO - 4413 - azureml.train.automl._experiment_drivers.driver_utilities.modify_run_configuration:199 - Package psutil missing from dependencies file.
2021-10-20 15:38:26.004 - INFO - 4413 - azureml.train.automl._experiment_drivers.driver_utilities.modify_run_configuration:205 - Using pinned version: psutil>5.0.0,<6.0.0
2021-10-20 15:38:26.005 - INFO - 4413 - azureml.train.automl._experiment_drivers.driver_utilities.modify_run_configuration:199 - Package scikit-learn missing from dependencies file.
2021-10-20 15:38:26.005 - INFO - 4413 - azureml.train.automl._experiment_drivers.driver_utilities.modify_run_configuration:205 - Using pinned version: scikit-learn==0.22.1
2021-10-20 15:38:26.005 - INFO - 4413 - azureml.train.automl._experiment_drivers.driver_utilities.modify_run_configuration:199 - Package numpy missing from dependencies file.
2021-10-20 15:38:26.006 - INFO - 4413 - azureml.train.automl._experiment_drivers.driver_utilities.modify_run_configuration:205 - Using pinned version: numpy~=1.18.0
2021-10-20 15:38:26.006 - INFO - 4413 - azureml.train.automl._experiment_drivers.driver_utilities.modify_run_configuration:199 - Package py-xgboost missing from dependencies file.
2021-10-20 15:38:26.006 - INFO - 4413 - azureml.train.automl._experiment_drivers.driver_utilities.modify_run_configuration:205 - Using pinned version: py-xgboost<=0.90
2021-10-20 15:38:26.007 - INFO - 4413 - azureml.train.automl._experiment_drivers.driver_utilities.modify_run_configuration:199 - Package inference-schema missing from dependencies file.
2021-10-20 15:38:26.007 - INFO - 4413 - azureml.train.automl._experiment_drivers.driver_utilities.modify_run_configuration:209 - Using installed version: inference-schema==1.1.0
2021-10-20 15:38:26.009 - INFO - 4413 - azureml.train.automl._experiment_drivers.driver_utilities.modify_run_configuration:199 - Package fbprophet missing from dependencies file.
2021-10-20 15:38:26.009 - INFO - 4413 - azureml.train.automl._experiment_drivers.driver_utilities.modify_run_configuration:205 - Using pinned version: fbprophet==0.5
2021-10-20 15:38:26.010 - INFO - 4413 - azureml.train.automl._experiment_drivers.driver_utilities.modify_run_configuration:199 - Package setuptools-git missing from dependencies file.
2021-10-20 15:38:26.010 - INFO - 4413 - azureml.train.automl._experiment_drivers.driver_utilities.modify_run_configuration:209 - Using installed version: setuptools-git==1.2
2021-10-20 15:38:26.012 - INFO - 4413 - azureml.automl.core.dataset_utilities._save_datasets_to_json:131 - JSON serialization of input of type <class 'NoneType'> is un-supported.
2021-10-20 15:38:26.012 - INFO - 4413 - azureml.automl.core.dataset_utilities._save_datasets_to_json:131 - JSON serialization of input of type <class 'NoneType'> is un-supported.
2021-10-20 15:38:26.013 - INFO - 4413 - azureml.train.automl._experiment_drivers.driver_utilities.validate_input:124 - Start data validation.
2021-10-20 15:38:30.384 - INFO - 4413 - azureml.train.automl._experiment_drivers.driver_utilities.validate_input:137 - Validation service found the data has no errors.
2021-10-20 15:38:30.392 - INFO - 4413 - azureml.train.automl._experiment_drivers.driver_utilities.create_remote_parent_run:381 - Start creating parent run.
2021-10-20 15:38:30.697 - INFO - 4413 - azureml.train.automl._experiment_drivers.driver_utilities.create_remote_parent_run:401 - [ParentRunID:AutoML_fc137486-3d67-4d93-ba32-89abac93bbe7] Remote run using input X and y.
2021-10-20 15:38:31.265 - INFO - 4413 - azureml.train.automl._experiment_drivers.driver_utilities.start_remote_run:336 - Starting a snapshot run (snapshot_id : None)
2021-10-20 17:53:45.815 - INFO - 4413 - azureml.train.automl._experiment_drivers.driver_utilities.modify_run_configuration:199 - Package azureml-train-automl missing from dependencies file.
2021-10-20 17:53:45.823 - INFO - 4413 - azureml.train.automl._experiment_drivers.driver_utilities.modify_run_configuration:205 - Using pinned version: azureml-train-automl==1.34.0.*
2021-10-20 17:53:45.829 - INFO - 4413 - azureml.train.automl._experiment_drivers.driver_utilities.modify_run_configuration:199 - Package pandas missing from dependencies file.
2021-10-20 17:53:45.835 - INFO - 4413 - azureml.train.automl._experiment_drivers.driver_utilities.modify_run_configuration:205 - Using pinned version: pandas==0.25.1
2021-10-20 17:53:45.841 - INFO - 4413 - azureml.train.automl._experiment_drivers.driver_utilities.modify_run_configuration:199 - Package psutil missing from dependencies file.
2021-10-20 17:53:45.847 - INFO - 4413 - azureml.train.automl._experiment_drivers.driver_utilities.modify_run_configuration:205 - Using pinned version: psutil>5.0.0,<6.0.0
2021-10-20 17:53:45.852 - INFO - 4413 - azureml.train.automl._experiment_drivers.driver_utilities.modify_run_configuration:199 - Package scikit-learn missing from dependencies file.
2021-10-20 17:53:45.858 - INFO - 4413 - azureml.train.automl._experiment_drivers.driver_utilities.modify_run_configuration:205 - Using pinned version: scikit-learn==0.22.1
2021-10-20 17:53:45.863 - INFO - 4413 - azureml.train.automl._experiment_drivers.driver_utilities.modify_run_configuration:199 - Package numpy missing from dependencies file.
2021-10-20 17:53:45.868 - INFO - 4413 - azureml.train.automl._experiment_drivers.driver_utilities.modify_run_configuration:205 - Using pinned version: numpy~=1.18.0
2021-10-20 17:53:45.899 - INFO - 4413 - azureml.train.automl._experiment_drivers.driver_utilities.modify_run_configuration:199 - Package py-xgboost missing from dependencies file.
2021-10-20 17:53:45.905 - INFO - 4413 - azureml.train.automl._experiment_drivers.driver_utilities.modify_run_configuration:205 - Using pinned version: py-xgboost<=0.90
2021-10-20 17:53:45.912 - INFO - 4413 - azureml.train.automl._experiment_drivers.driver_utilities.modify_run_configuration:199 - Package inference-schema missing from dependencies file.
2021-10-20 17:53:45.919 - INFO - 4413 - azureml.train.automl._experiment_drivers.driver_utilities.modify_run_configuration:209 - Using installed version: inference-schema==1.1.0
2021-10-20 17:53:45.925 - INFO - 4413 - azureml.train.automl._experiment_drivers.driver_utilities.modify_run_configuration:199 - Package fbprophet missing from dependencies file.
2021-10-20 17:53:45.933 - INFO - 4413 - azureml.train.automl._experiment_drivers.driver_utilities.modify_run_configuration:205 - Using pinned version: fbprophet==0.5
2021-10-20 17:53:45.939 - INFO - 4413 - azureml.train.automl._experiment_drivers.driver_utilities.modify_run_configuration:199 - Package setuptools-git missing from dependencies file.
2021-10-20 17:53:45.945 - INFO - 4413 - azureml.train.automl._experiment_drivers.driver_utilities.modify_run_configuration:209 - Using installed version: setuptools-git==1.2
2021-10-20 17:53:45.951 - INFO - 4413 - azureml.automl.core.dataset_utilities._save_datasets_to_json:131 - JSON serialization of input of type <class 'NoneType'> is un-supported.
2021-10-20 17:53:45.957 - INFO - 4413 - azureml.automl.core.dataset_utilities._save_datasets_to_json:131 - JSON serialization of input of type <class 'NoneType'> is un-supported.
2021-10-20 17:53:45.965 - INFO - 4413 - azureml.train.automl._experiment_drivers.driver_utilities.validate_input:124 - Start data validation.
2021-10-20 17:53:48.879 - INFO - 4413 - azureml.train.automl._experiment_drivers.driver_utilities.validate_input:137 - Validation service found the data has no errors.
2021-10-20 17:53:48.900 - INFO - 4413 - azureml.train.automl._experiment_drivers.driver_utilities.create_remote_parent_run:381 - Start creating parent run.
2021-10-20 17:53:49.227 - INFO - 4413 - azureml.train.automl._experiment_drivers.driver_utilities.create_remote_parent_run:401 - [ParentRunID:AutoML_d4a4adaa-9876-45e1-bf8b-295d43e6a054] Remote run using input X and y.
2021-10-20 17:53:49.305 - INFO - 4413 - azureml.train.automl._experiment_drivers.driver_utilities.start_remote_run:336 - Starting a snapshot run (snapshot_id : None)
